Performing C SOURCE FILE Test CMAKE_HAVE_LIBC_PTHREAD failed with the following output:
Change Dir: /home/eaibot71/Ti/Ti-CV-2022/cmake-build-debug/CMakeFiles/CMakeTmp

Run Build Command(s):/snap/clion/198/bin/ninja/linux/ninja cmTC_c21e0 && [1/2] Building C object CMakeFiles/cmTC_c21e0.dir/src.c.o
[2/2] Linking C executable cmTC_c21e0
FAILED: cmTC_c21e0 
: && /usr/local/gcc-11.2/bin/gcc-11.2   CMakeFiles/cmTC_c21e0.dir/src.c.o -o cmTC_c21e0   && :
/usr/bin/ld: CMakeFiles/cmTC_c21e0.dir/src.c.o: in function `main':
src.c:(.text+0x2d): undefined reference to `pthread_create'
/usr/bin/ld: src.c:(.text+0x39): undefined reference to `pthread_detach'
/usr/bin/ld: src.c:(.text+0x45): undefined reference to `pthread_cancel'
/usr/bin/ld: src.c:(.text+0x56): undefined reference to `pthread_join'
collect2: 错误：ld 返回 1
ninja: build stopped: subcommand failed.


Source file was:
#include <pthread.h>

static void* test_func(void* data)
{
  return data;
}

int main(void)
{
  pthread_t thread;
  pthread_create(&thread, NULL, test_func, NULL);
  pthread_detach(thread);
  pthread_cancel(thread);
  pthread_join(thread, NULL);
  pthread_atfork(NULL, NULL, NULL);
  pthread_exit(NULL);

  return 0;
}

Determining if the function pthread_create exists in the pthreads failed with the following output:
Change Dir: /home/eaibot71/Ti/Ti-CV-2022/cmake-build-debug/CMakeFiles/CMakeTmp

Run Build Command(s):/snap/clion/198/bin/ninja/linux/ninja cmTC_afdb3 && [1/2] Building C object CMakeFiles/cmTC_afdb3.dir/CheckFunctionExists.c.o
[2/2] Linking C executable cmTC_afdb3
FAILED: cmTC_afdb3 
: && /usr/local/gcc-11.2/bin/gcc-11.2 -DCHECK_FUNCTION_EXISTS=pthread_create  CMakeFiles/cmTC_afdb3.dir/CheckFunctionExists.c.o -o cmTC_afdb3  -lpthreads && :
/usr/bin/ld: 找不到 -lpthreads
collect2: 错误：ld 返回 1
ninja: build stopped: subcommand failed.



