The system is: Linux - 5.14.0-1045-oem - x86_64
Compiling the C compiler identification source file "CMakeCCompilerId.c" succeeded.
Compiler: /usr/libx32/local/gcc-11.2/bin/gcc-11.2 
Build flags: 
Id flags:  

The output was:
0


Compilation of the C compiler identification source "CMakeCCompilerId.c" produced "a.out"

The C compiler identification is GNU, found in "/home/eaibot71/Ti/Ti-CV-2022/cmake-build-debug/CMakeFiles/3.22.3/CompilerIdC/a.out"

Compiling the CXX compiler identification source file "CMakeCXXCompilerId.cpp" succeeded.
Compiler: /usr/libx32/local/gcc-11.2/bin/g++-11.2 
Build flags: 
Id flags:  

The output was:
0


Compilation of the CXX compiler identification source "CMakeCXXCompilerId.cpp" produced "a.out"

The CXX compiler identification is GNU, found in "/home/eaibot71/Ti/Ti-CV-2022/cmake-build-debug/CMakeFiles/3.22.3/CompilerIdCXX/a.out"

Detecting C compiler ABI info compiled with the following output:
Change Dir: /home/eaibot71/Ti/Ti-CV-2022/cmake-build-debug/CMakeFiles/CMakeTmp

Run Build Command(s):/snap/clion/198/bin/ninja/linux/ninja cmTC_d7179 && [1/2] Building C object CMakeFiles/cmTC_d7179.dir/CMakeCCompilerABI.c.o
Using built-in specs.
COLLECT_GCC=/usr/libx32/local/gcc-11.2/bin/gcc-11.2
Target: x86_64-linux-gnu
Configured with: ../configure configure -v --build=x86_64-linux-gnu --host=x86_64-linux-gnu --target=x86_64-linux-gnu --prefix=/usr/local/gcc-11.2 --enable-checking=release --enable-languages=c,c++ --disable-multilib --program-suffix=-11.2
Thread model: posix
Supported LTO compression algorithms: zlib
gcc version 11.2.0 (GCC) 
COLLECT_GCC_OPTIONS='-v' '-o' 'CMakeFiles/cmTC_d7179.dir/CMakeCCompilerABI.c.o' '-c' '-mtune=generic' '-march=x86-64' '-dumpdir' 'CMakeFiles/cmTC_d7179.dir/'
 /usr/libx32/local/gcc-11.2/bin/../libexec/gcc/x86_64-linux-gnu/11.2.0/cc1 -quiet -v -imultiarch x86_64-linux-gnu -iprefix /usr/libx32/local/gcc-11.2/bin/../lib/gcc/x86_64-linux-gnu/11.2.0/ /snap/clion/198/bin/cmake/linux/share/cmake-3.22/Modules/CMakeCCompilerABI.c -quiet -dumpdir CMakeFiles/cmTC_d7179.dir/ -dumpbase CMakeCCompilerABI.c.c -dumpbase-ext .c -mtune=generic -march=x86-64 -version -o /tmp/cczYZajt.s
GNU C17 (GCC) version 11.2.0 (x86_64-linux-gnu)
	compiled by GNU C version 11.2.0, GMP version 6.1.0, MPFR version 3.1.6, MPC version 1.0.3, isl version isl-0.18-GMP

GGC heuristics: --param ggc-min-expand=100 --param ggc-min-heapsize=131072
ignoring nonexistent directory "/usr/libx32/local/gcc-11.2/bin/../lib/gcc/x86_64-linux-gnu/11.2.0/../../../../x86_64-linux-gnu/include"
ignoring duplicate directory "/usr/libx32/local/gcc-11.2/bin/../lib/gcc/../../lib/gcc/x86_64-linux-gnu/11.2.0/include"
ignoring nonexistent directory "/usr/local/include/x86_64-linux-gnu"
ignoring nonexistent directory "/usr/local/include"
ignoring duplicate directory "/usr/libx32/local/gcc-11.2/bin/../lib/gcc/../../lib/gcc/x86_64-linux-gnu/11.2.0/include-fixed"
ignoring nonexistent directory "/usr/libx32/local/gcc-11.2/bin/../lib/gcc/../../lib/gcc/x86_64-linux-gnu/11.2.0/../../../../x86_64-linux-gnu/include"
#include "..." search starts here:
#include <...> search starts here:
 /usr/libx32/local/gcc-11.2/bin/../lib/gcc/x86_64-linux-gnu/11.2.0/include
 /usr/libx32/local/gcc-11.2/bin/../lib/gcc/x86_64-linux-gnu/11.2.0/include-fixed
 /usr/libx32/local/gcc-11.2/bin/../lib/gcc/../../include
 /usr/include/x86_64-linux-gnu
 /usr/include
End of search list.
GNU C17 (GCC) version 11.2.0 (x86_64-linux-gnu)
	compiled by GNU C version 11.2.0, GMP version 6.1.0, MPFR version 3.1.6, MPC version 1.0.3, isl version isl-0.18-GMP

GGC heuristics: --param ggc-min-expand=100 --param ggc-min-heapsize=131072
Compiler executable checksum: aaee308c4dc1879f335042f809ec2c51
COLLECT_GCC_OPTIONS='-v' '-o' 'CMakeFiles/cmTC_d7179.dir/CMakeCCompilerABI.c.o' '-c' '-mtune=generic' '-march=x86-64' '-dumpdir' 'CMakeFiles/cmTC_d7179.dir/'
 as -v --64 -o CMakeFiles/cmTC_d7179.dir/CMakeCCompilerABI.c.o /tmp/cczYZajt.s
GNU assembler version 2.34 (x86_64-linux-gnu) using BFD version (GNU Binutils for Ubuntu) 2.34
COMPILER_PATH=/usr/libx32/local/gcc-11.2/bin/../libexec/gcc/x86_64-linux-gnu/11.2.0/:/usr/libx32/local/gcc-11.2/bin/../libexec/gcc/x86_64-linux-gnu/:/usr/libx32/local/gcc-11.2/bin/../libexec/gcc/
LIBRARY_PATH=/usr/libx32/local/gcc-11.2/bin/../lib/gcc/x86_64-linux-gnu/11.2.0/:/usr/libx32/local/gcc-11.2/bin/../lib/gcc/x86_64-linux-gnu/:/usr/libx32/local/gcc-11.2/bin/../lib/gcc/:/usr/libx32/local/gcc-11.2/bin/../lib/gcc/x86_64-linux-gnu/11.2.0/../../../../lib64/:/lib/x86_64-linux-gnu/:/lib/../lib64/:/usr/lib/x86_64-linux-gnu/:/usr/lib/../lib64/:/usr/libx32/local/gcc-11.2/bin/../lib/gcc/x86_64-linux-gnu/11.2.0/../../../:/lib/:/usr/lib/
COLLECT_GCC_OPTIONS='-v' '-o' 'CMakeFiles/cmTC_d7179.dir/CMakeCCompilerABI.c.o' '-c' '-mtune=generic' '-march=x86-64' '-dumpdir' 'CMakeFiles/cmTC_d7179.dir/CMakeCCompilerABI.c.'
[2/2] Linking C executable cmTC_d7179
Using built-in specs.
COLLECT_GCC=/usr/libx32/local/gcc-11.2/bin/gcc-11.2
COLLECT_LTO_WRAPPER=/usr/libx32/local/gcc-11.2/bin/../libexec/gcc/x86_64-linux-gnu/11.2.0/lto-wrapper
Target: x86_64-linux-gnu
Configured with: ../configure configure -v --build=x86_64-linux-gnu --host=x86_64-linux-gnu --target=x86_64-linux-gnu --prefix=/usr/local/gcc-11.2 --enable-checking=release --enable-languages=c,c++ --disable-multilib --program-suffix=-11.2
Thread model: posix
Supported LTO compression algorithms: zlib
gcc version 11.2.0 (GCC) 
COMPILER_PATH=/usr/libx32/local/gcc-11.2/bin/../libexec/gcc/x86_64-linux-gnu/11.2.0/:/usr/libx32/local/gcc-11.2/bin/../libexec/gcc/x86_64-linux-gnu/:/usr/libx32/local/gcc-11.2/bin/../libexec/gcc/
LIBRARY_PATH=/usr/libx32/local/gcc-11.2/bin/../lib/gcc/x86_64-linux-gnu/11.2.0/:/usr/libx32/local/gcc-11.2/bin/../lib/gcc/x86_64-linux-gnu/:/usr/libx32/local/gcc-11.2/bin/../lib/gcc/:/usr/libx32/local/gcc-11.2/bin/../lib/gcc/x86_64-linux-gnu/11.2.0/../../../../lib64/:/lib/x86_64-linux-gnu/:/lib/../lib64/:/usr/lib/x86_64-linux-gnu/:/usr/lib/../lib64/:/usr/libx32/local/gcc-11.2/bin/../lib/gcc/x86_64-linux-gnu/11.2.0/../../../:/lib/:/usr/lib/
COLLECT_GCC_OPTIONS='-v' '-o' 'cmTC_d7179' '-mtune=generic' '-march=x86-64' '-dumpdir' 'cmTC_d7179.'
 /usr/libx32/local/gcc-11.2/bin/../libexec/gcc/x86_64-linux-gnu/11.2.0/collect2 -plugin /usr/libx32/local/gcc-11.2/bin/../libexec/gcc/x86_64-linux-gnu/11.2.0/liblto_plugin.so -plugin-opt=/usr/libx32/local/gcc-11.2/bin/../libexec/gcc/x86_64-linux-gnu/11.2.0/lto-wrapper -plugin-opt=-fresolution=/tmp/ccf8aWHS.res -plugin-opt=-pass-through=-lgcc -plugin-opt=-pass-through=-lgcc_s -plugin-opt=-pass-through=-lc -plugin-opt=-pass-through=-lgcc -plugin-opt=-pass-through=-lgcc_s --eh-frame-hdr -m elf_x86_64 -dynamic-linker /lib64/ld-linux-x86-64.so.2 -o cmTC_d7179 /lib/x86_64-linux-gnu/crt1.o /lib/x86_64-linux-gnu/crti.o /usr/libx32/local/gcc-11.2/bin/../lib/gcc/x86_64-linux-gnu/11.2.0/crtbegin.o -L/usr/libx32/local/gcc-11.2/bin/../lib/gcc/x86_64-linux-gnu/11.2.0 -L/usr/libx32/local/gcc-11.2/bin/../lib/gcc/x86_64-linux-gnu -L/usr/libx32/local/gcc-11.2/bin/../lib/gcc -L/usr/libx32/local/gcc-11.2/bin/../lib/gcc/x86_64-linux-gnu/11.2.0/../../../../lib64 -L/lib/x86_64-linux-gnu -L/lib/../lib64 -L/usr/lib/x86_64-linux-gnu -L/usr/lib/../lib64 -L/usr/libx32/local/gcc-11.2/bin/../lib/gcc/x86_64-linux-gnu/11.2.0/../../.. CMakeFiles/cmTC_d7179.dir/CMakeCCompilerABI.c.o -lgcc --push-state --as-needed -lgcc_s --pop-state -lc -lgcc --push-state --as-needed -lgcc_s --pop-state /usr/libx32/local/gcc-11.2/bin/../lib/gcc/x86_64-linux-gnu/11.2.0/crtend.o /lib/x86_64-linux-gnu/crtn.o
COLLECT_GCC_OPTIONS='-v' '-o' 'cmTC_d7179' '-mtune=generic' '-march=x86-64' '-dumpdir' 'cmTC_d7179.'



Parsed C implicit include dir info from above output: rv=done
  found start of include info
  found start of implicit include info
    add: [/usr/libx32/local/gcc-11.2/bin/../lib/gcc/x86_64-linux-gnu/11.2.0/include]
    add: [/usr/libx32/local/gcc-11.2/bin/../lib/gcc/x86_64-linux-gnu/11.2.0/include-fixed]
    add: [/usr/libx32/local/gcc-11.2/bin/../lib/gcc/../../include]
    add: [/usr/include/x86_64-linux-gnu]
    add: [/usr/include]
  end of search list found
  collapse include dir [/usr/libx32/local/gcc-11.2/bin/../lib/gcc/x86_64-linux-gnu/11.2.0/include] ==> [/usr/libx32/local/gcc-11.2/lib/gcc/x86_64-linux-gnu/11.2.0/include]
  collapse include dir [/usr/libx32/local/gcc-11.2/bin/../lib/gcc/x86_64-linux-gnu/11.2.0/include-fixed] ==> [/usr/libx32/local/gcc-11.2/lib/gcc/x86_64-linux-gnu/11.2.0/include-fixed]
  collapse include dir [/usr/libx32/local/gcc-11.2/bin/../lib/gcc/../../include] ==> [/usr/libx32/local/gcc-11.2/include]
  collapse include dir [/usr/include/x86_64-linux-gnu] ==> [/usr/include/x86_64-linux-gnu]
  collapse include dir [/usr/include] ==> [/usr/include]
  implicit include dirs: [/usr/libx32/local/gcc-11.2/lib/gcc/x86_64-linux-gnu/11.2.0/include;/usr/libx32/local/gcc-11.2/lib/gcc/x86_64-linux-gnu/11.2.0/include-fixed;/usr/libx32/local/gcc-11.2/include;/usr/include/x86_64-linux-gnu;/usr/include]


Parsed C implicit link information from above output:
  link line regex: [^( *|.*[/\])(ld|CMAKE_LINK_STARTFILE-NOTFOUND|([^/\]+-)?ld|collect2)[^/\]*( |$)]
  ignore line: [Change Dir: /home/eaibot71/Ti/Ti-CV-2022/cmake-build-debug/CMakeFiles/CMakeTmp]
  ignore line: []
  ignore line: [Run Build Command(s):/snap/clion/198/bin/ninja/linux/ninja cmTC_d7179 && [1/2] Building C object CMakeFiles/cmTC_d7179.dir/CMakeCCompilerABI.c.o]
  ignore line: [Using built-in specs.]
  ignore line: [COLLECT_GCC=/usr/libx32/local/gcc-11.2/bin/gcc-11.2]
  ignore line: [Target: x86_64-linux-gnu]
  ignore line: [Configured with: ../configure configure -v --build=x86_64-linux-gnu --host=x86_64-linux-gnu --target=x86_64-linux-gnu --prefix=/usr/local/gcc-11.2 --enable-checking=release --enable-languages=c c++ --disable-multilib --program-suffix=-11.2]
  ignore line: [Thread model: posix]
  ignore line: [Supported LTO compression algorithms: zlib]
  ignore line: [gcc version 11.2.0 (GCC) ]
  ignore line: [COLLECT_GCC_OPTIONS='-v' '-o' 'CMakeFiles/cmTC_d7179.dir/CMakeCCompilerABI.c.o' '-c' '-mtune=generic' '-march=x86-64' '-dumpdir' 'CMakeFiles/cmTC_d7179.dir/']
  ignore line: [ /usr/libx32/local/gcc-11.2/bin/../libexec/gcc/x86_64-linux-gnu/11.2.0/cc1 -quiet -v -imultiarch x86_64-linux-gnu -iprefix /usr/libx32/local/gcc-11.2/bin/../lib/gcc/x86_64-linux-gnu/11.2.0/ /snap/clion/198/bin/cmake/linux/share/cmake-3.22/Modules/CMakeCCompilerABI.c -quiet -dumpdir CMakeFiles/cmTC_d7179.dir/ -dumpbase CMakeCCompilerABI.c.c -dumpbase-ext .c -mtune=generic -march=x86-64 -version -o /tmp/cczYZajt.s]
  ignore line: [GNU C17 (GCC) version 11.2.0 (x86_64-linux-gnu)]
  ignore line: [	compiled by GNU C version 11.2.0  GMP version 6.1.0  MPFR version 3.1.6  MPC version 1.0.3  isl version isl-0.18-GMP]
  ignore line: []
  ignore line: [GGC heuristics: --param ggc-min-expand=100 --param ggc-min-heapsize=131072]
  ignore line: [ignoring nonexistent directory "/usr/libx32/local/gcc-11.2/bin/../lib/gcc/x86_64-linux-gnu/11.2.0/../../../../x86_64-linux-gnu/include"]
  ignore line: [ignoring duplicate directory "/usr/libx32/local/gcc-11.2/bin/../lib/gcc/../../lib/gcc/x86_64-linux-gnu/11.2.0/include"]
  ignore line: [ignoring nonexistent directory "/usr/local/include/x86_64-linux-gnu"]
  ignore line: [ignoring nonexistent directory "/usr/local/include"]
  ignore line: [ignoring duplicate directory "/usr/libx32/local/gcc-11.2/bin/../lib/gcc/../../lib/gcc/x86_64-linux-gnu/11.2.0/include-fixed"]
  ignore line: [ignoring nonexistent directory "/usr/libx32/local/gcc-11.2/bin/../lib/gcc/../../lib/gcc/x86_64-linux-gnu/11.2.0/../../../../x86_64-linux-gnu/include"]
  ignore line: [#include "..." search starts here:]
  ignore line: [#include <...> search starts here:]
  ignore line: [ /usr/libx32/local/gcc-11.2/bin/../lib/gcc/x86_64-linux-gnu/11.2.0/include]
  ignore line: [ /usr/libx32/local/gcc-11.2/bin/../lib/gcc/x86_64-linux-gnu/11.2.0/include-fixed]
  ignore line: [ /usr/libx32/local/gcc-11.2/bin/../lib/gcc/../../include]
  ignore line: [ /usr/include/x86_64-linux-gnu]
  ignore line: [ /usr/include]
  ignore line: [End of search list.]
  ignore line: [GNU C17 (GCC) version 11.2.0 (x86_64-linux-gnu)]
  ignore line: [	compiled by GNU C version 11.2.0  GMP version 6.1.0  MPFR version 3.1.6  MPC version 1.0.3  isl version isl-0.18-GMP]
  ignore line: []
  ignore line: [GGC heuristics: --param ggc-min-expand=100 --param ggc-min-heapsize=131072]
  ignore line: [Compiler executable checksum: aaee308c4dc1879f335042f809ec2c51]
  ignore line: [COLLECT_GCC_OPTIONS='-v' '-o' 'CMakeFiles/cmTC_d7179.dir/CMakeCCompilerABI.c.o' '-c' '-mtune=generic' '-march=x86-64' '-dumpdir' 'CMakeFiles/cmTC_d7179.dir/']
  ignore line: [ as -v --64 -o CMakeFiles/cmTC_d7179.dir/CMakeCCompilerABI.c.o /tmp/cczYZajt.s]
  ignore line: [GNU assembler version 2.34 (x86_64-linux-gnu) using BFD version (GNU Binutils for Ubuntu) 2.34]
  ignore line: [COMPILER_PATH=/usr/libx32/local/gcc-11.2/bin/../libexec/gcc/x86_64-linux-gnu/11.2.0/:/usr/libx32/local/gcc-11.2/bin/../libexec/gcc/x86_64-linux-gnu/:/usr/libx32/local/gcc-11.2/bin/../libexec/gcc/]
  ignore line: [LIBRARY_PATH=/usr/libx32/local/gcc-11.2/bin/../lib/gcc/x86_64-linux-gnu/11.2.0/:/usr/libx32/local/gcc-11.2/bin/../lib/gcc/x86_64-linux-gnu/:/usr/libx32/local/gcc-11.2/bin/../lib/gcc/:/usr/libx32/local/gcc-11.2/bin/../lib/gcc/x86_64-linux-gnu/11.2.0/../../../../lib64/:/lib/x86_64-linux-gnu/:/lib/../lib64/:/usr/lib/x86_64-linux-gnu/:/usr/lib/../lib64/:/usr/libx32/local/gcc-11.2/bin/../lib/gcc/x86_64-linux-gnu/11.2.0/../../../:/lib/:/usr/lib/]
  ignore line: [COLLECT_GCC_OPTIONS='-v' '-o' 'CMakeFiles/cmTC_d7179.dir/CMakeCCompilerABI.c.o' '-c' '-mtune=generic' '-march=x86-64' '-dumpdir' 'CMakeFiles/cmTC_d7179.dir/CMakeCCompilerABI.c.']
  ignore line: [[2/2] Linking C executable cmTC_d7179]
  ignore line: [Using built-in specs.]
  ignore line: [COLLECT_GCC=/usr/libx32/local/gcc-11.2/bin/gcc-11.2]
  ignore line: [COLLECT_LTO_WRAPPER=/usr/libx32/local/gcc-11.2/bin/../libexec/gcc/x86_64-linux-gnu/11.2.0/lto-wrapper]
  ignore line: [Target: x86_64-linux-gnu]
  ignore line: [Configured with: ../configure configure -v --build=x86_64-linux-gnu --host=x86_64-linux-gnu --target=x86_64-linux-gnu --prefix=/usr/local/gcc-11.2 --enable-checking=release --enable-languages=c c++ --disable-multilib --program-suffix=-11.2]
  ignore line: [Thread model: posix]
  ignore line: [Supported LTO compression algorithms: zlib]
  ignore line: [gcc version 11.2.0 (GCC) ]
  ignore line: [COMPILER_PATH=/usr/libx32/local/gcc-11.2/bin/../libexec/gcc/x86_64-linux-gnu/11.2.0/:/usr/libx32/local/gcc-11.2/bin/../libexec/gcc/x86_64-linux-gnu/:/usr/libx32/local/gcc-11.2/bin/../libexec/gcc/]
  ignore line: [LIBRARY_PATH=/usr/libx32/local/gcc-11.2/bin/../lib/gcc/x86_64-linux-gnu/11.2.0/:/usr/libx32/local/gcc-11.2/bin/../lib/gcc/x86_64-linux-gnu/:/usr/libx32/local/gcc-11.2/bin/../lib/gcc/:/usr/libx32/local/gcc-11.2/bin/../lib/gcc/x86_64-linux-gnu/11.2.0/../../../../lib64/:/lib/x86_64-linux-gnu/:/lib/../lib64/:/usr/lib/x86_64-linux-gnu/:/usr/lib/../lib64/:/usr/libx32/local/gcc-11.2/bin/../lib/gcc/x86_64-linux-gnu/11.2.0/../../../:/lib/:/usr/lib/]
  ignore line: [COLLECT_GCC_OPTIONS='-v' '-o' 'cmTC_d7179' '-mtune=generic' '-march=x86-64' '-dumpdir' 'cmTC_d7179.']
  link line: [ /usr/libx32/local/gcc-11.2/bin/../libexec/gcc/x86_64-linux-gnu/11.2.0/collect2 -plugin /usr/libx32/local/gcc-11.2/bin/../libexec/gcc/x86_64-linux-gnu/11.2.0/liblto_plugin.so -plugin-opt=/usr/libx32/local/gcc-11.2/bin/../libexec/gcc/x86_64-linux-gnu/11.2.0/lto-wrapper -plugin-opt=-fresolution=/tmp/ccf8aWHS.res -plugin-opt=-pass-through=-lgcc -plugin-opt=-pass-through=-lgcc_s -plugin-opt=-pass-through=-lc -plugin-opt=-pass-through=-lgcc -plugin-opt=-pass-through=-lgcc_s --eh-frame-hdr -m elf_x86_64 -dynamic-linker /lib64/ld-linux-x86-64.so.2 -o cmTC_d7179 /lib/x86_64-linux-gnu/crt1.o /lib/x86_64-linux-gnu/crti.o /usr/libx32/local/gcc-11.2/bin/../lib/gcc/x86_64-linux-gnu/11.2.0/crtbegin.o -L/usr/libx32/local/gcc-11.2/bin/../lib/gcc/x86_64-linux-gnu/11.2.0 -L/usr/libx32/local/gcc-11.2/bin/../lib/gcc/x86_64-linux-gnu -L/usr/libx32/local/gcc-11.2/bin/../lib/gcc -L/usr/libx32/local/gcc-11.2/bin/../lib/gcc/x86_64-linux-gnu/11.2.0/../../../../lib64 -L/lib/x86_64-linux-gnu -L/lib/../lib64 -L/usr/lib/x86_64-linux-gnu -L/usr/lib/../lib64 -L/usr/libx32/local/gcc-11.2/bin/../lib/gcc/x86_64-linux-gnu/11.2.0/../../.. CMakeFiles/cmTC_d7179.dir/CMakeCCompilerABI.c.o -lgcc --push-state --as-needed -lgcc_s --pop-state -lc -lgcc --push-state --as-needed -lgcc_s --pop-state /usr/libx32/local/gcc-11.2/bin/../lib/gcc/x86_64-linux-gnu/11.2.0/crtend.o /lib/x86_64-linux-gnu/crtn.o]
    arg [/usr/libx32/local/gcc-11.2/bin/../libexec/gcc/x86_64-linux-gnu/11.2.0/collect2] ==> ignore
    arg [-plugin] ==> ignore
    arg [/usr/libx32/local/gcc-11.2/bin/../libexec/gcc/x86_64-linux-gnu/11.2.0/liblto_plugin.so] ==> ignore
    arg [-plugin-opt=/usr/libx32/local/gcc-11.2/bin/../libexec/gcc/x86_64-linux-gnu/11.2.0/lto-wrapper] ==> ignore
    arg [-plugin-opt=-fresolution=/tmp/ccf8aWHS.res] ==> ignore
    arg [-plugin-opt=-pass-through=-lgcc] ==> ignore
    arg [-plugin-opt=-pass-through=-lgcc_s] ==> ignore
    arg [-plugin-opt=-pass-through=-lc] ==> ignore
    arg [-plugin-opt=-pass-through=-lgcc] ==> ignore
    arg [-plugin-opt=-pass-through=-lgcc_s] ==> ignore
    arg [--eh-frame-hdr] ==> ignore
    arg [-m] ==> ignore
    arg [elf_x86_64] ==> ignore
    arg [-dynamic-linker] ==> ignore
    arg [/lib64/ld-linux-x86-64.so.2] ==> ignore
    arg [-o] ==> ignore
    arg [cmTC_d7179] ==> ignore
    arg [/lib/x86_64-linux-gnu/crt1.o] ==> obj [/lib/x86_64-linux-gnu/crt1.o]
    arg [/lib/x86_64-linux-gnu/crti.o] ==> obj [/lib/x86_64-linux-gnu/crti.o]
    arg [/usr/libx32/local/gcc-11.2/bin/../lib/gcc/x86_64-linux-gnu/11.2.0/crtbegin.o] ==> obj [/usr/libx32/local/gcc-11.2/bin/../lib/gcc/x86_64-linux-gnu/11.2.0/crtbegin.o]
    arg [-L/usr/libx32/local/gcc-11.2/bin/../lib/gcc/x86_64-linux-gnu/11.2.0] ==> dir [/usr/libx32/local/gcc-11.2/bin/../lib/gcc/x86_64-linux-gnu/11.2.0]
    arg [-L/usr/libx32/local/gcc-11.2/bin/../lib/gcc/x86_64-linux-gnu] ==> dir [/usr/libx32/local/gcc-11.2/bin/../lib/gcc/x86_64-linux-gnu]
    arg [-L/usr/libx32/local/gcc-11.2/bin/../lib/gcc] ==> dir [/usr/libx32/local/gcc-11.2/bin/../lib/gcc]
    arg [-L/usr/libx32/local/gcc-11.2/bin/../lib/gcc/x86_64-linux-gnu/11.2.0/../../../../lib64] ==> dir [/usr/libx32/local/gcc-11.2/bin/../lib/gcc/x86_64-linux-gnu/11.2.0/../../../../lib64]
    arg [-L/lib/x86_64-linux-gnu] ==> dir [/lib/x86_64-linux-gnu]
    arg [-L/lib/../lib64] ==> dir [/lib/../lib64]
    arg [-L/usr/lib/x86_64-linux-gnu] ==> dir [/usr/lib/x86_64-linux-gnu]
    arg [-L/usr/lib/../lib64] ==> dir [/usr/lib/../lib64]
    arg [-L/usr/libx32/local/gcc-11.2/bin/../lib/gcc/x86_64-linux-gnu/11.2.0/../../..] ==> dir [/usr/libx32/local/gcc-11.2/bin/../lib/gcc/x86_64-linux-gnu/11.2.0/../../..]
    arg [CMakeFiles/cmTC_d7179.dir/CMakeCCompilerABI.c.o] ==> ignore
    arg [-lgcc] ==> lib [gcc]
    arg [--push-state] ==> ignore
    arg [--as-needed] ==> ignore
    arg [-lgcc_s] ==> lib [gcc_s]
    arg [--pop-state] ==> ignore
    arg [-lc] ==> lib [c]
    arg [-lgcc] ==> lib [gcc]
    arg [--push-state] ==> ignore
    arg [--as-needed] ==> ignore
    arg [-lgcc_s] ==> lib [gcc_s]
    arg [--pop-state] ==> ignore
    arg [/usr/libx32/local/gcc-11.2/bin/../lib/gcc/x86_64-linux-gnu/11.2.0/crtend.o] ==> obj [/usr/libx32/local/gcc-11.2/bin/../lib/gcc/x86_64-linux-gnu/11.2.0/crtend.o]
    arg [/lib/x86_64-linux-gnu/crtn.o] ==> obj [/lib/x86_64-linux-gnu/crtn.o]
  collapse obj [/usr/libx32/local/gcc-11.2/bin/../lib/gcc/x86_64-linux-gnu/11.2.0/crtbegin.o] ==> [/usr/libx32/local/gcc-11.2/lib/gcc/x86_64-linux-gnu/11.2.0/crtbegin.o]
  collapse obj [/usr/libx32/local/gcc-11.2/bin/../lib/gcc/x86_64-linux-gnu/11.2.0/crtend.o] ==> [/usr/libx32/local/gcc-11.2/lib/gcc/x86_64-linux-gnu/11.2.0/crtend.o]
  collapse library dir [/usr/libx32/local/gcc-11.2/bin/../lib/gcc/x86_64-linux-gnu/11.2.0] ==> [/usr/libx32/local/gcc-11.2/lib/gcc/x86_64-linux-gnu/11.2.0]
  collapse library dir [/usr/libx32/local/gcc-11.2/bin/../lib/gcc/x86_64-linux-gnu] ==> [/usr/libx32/local/gcc-11.2/lib/gcc/x86_64-linux-gnu]
  collapse library dir [/usr/libx32/local/gcc-11.2/bin/../lib/gcc] ==> [/usr/libx32/local/gcc-11.2/lib/gcc]
  collapse library dir [/usr/libx32/local/gcc-11.2/bin/../lib/gcc/x86_64-linux-gnu/11.2.0/../../../../lib64] ==> [/usr/libx32/local/gcc-11.2/lib64]
  collapse library dir [/lib/x86_64-linux-gnu] ==> [/lib/x86_64-linux-gnu]
  collapse library dir [/lib/../lib64] ==> [/lib64]
  collapse library dir [/usr/lib/x86_64-linux-gnu] ==> [/usr/lib/x86_64-linux-gnu]
  collapse library dir [/usr/lib/../lib64] ==> [/usr/lib64]
  collapse library dir [/usr/libx32/local/gcc-11.2/bin/../lib/gcc/x86_64-linux-gnu/11.2.0/../../..] ==> [/usr/libx32/local/gcc-11.2/lib]
  implicit libs: [gcc;gcc_s;c;gcc;gcc_s]
  implicit objs: [/lib/x86_64-linux-gnu/crt1.o;/lib/x86_64-linux-gnu/crti.o;/usr/libx32/local/gcc-11.2/lib/gcc/x86_64-linux-gnu/11.2.0/crtbegin.o;/usr/libx32/local/gcc-11.2/lib/gcc/x86_64-linux-gnu/11.2.0/crtend.o;/lib/x86_64-linux-gnu/crtn.o]
  implicit dirs: [/usr/libx32/local/gcc-11.2/lib/gcc/x86_64-linux-gnu/11.2.0;/usr/libx32/local/gcc-11.2/lib/gcc/x86_64-linux-gnu;/usr/libx32/local/gcc-11.2/lib/gcc;/usr/libx32/local/gcc-11.2/lib64;/lib/x86_64-linux-gnu;/lib64;/usr/lib/x86_64-linux-gnu;/usr/lib64;/usr/libx32/local/gcc-11.2/lib]
  implicit fwks: []


Detecting CXX compiler ABI info compiled with the following output:
Change Dir: /home/eaibot71/Ti/Ti-CV-2022/cmake-build-debug/CMakeFiles/CMakeTmp

Run Build Command(s):/snap/clion/198/bin/ninja/linux/ninja cmTC_11dcb && [1/2] Building CXX object CMakeFiles/cmTC_11dcb.dir/CMakeCXXCompilerABI.cpp.o
Using built-in specs.
COLLECT_GCC=/usr/libx32/local/gcc-11.2/bin/g++-11.2
Target: x86_64-linux-gnu
Configured with: ../configure configure -v --build=x86_64-linux-gnu --host=x86_64-linux-gnu --target=x86_64-linux-gnu --prefix=/usr/local/gcc-11.2 --enable-checking=release --enable-languages=c,c++ --disable-multilib --program-suffix=-11.2
Thread model: posix
Supported LTO compression algorithms: zlib
gcc version 11.2.0 (GCC) 
COLLECT_GCC_OPTIONS='-v' '-o' 'CMakeFiles/cmTC_11dcb.dir/CMakeCXXCompilerABI.cpp.o' '-c' '-shared-libgcc' '-mtune=generic' '-march=x86-64' '-dumpdir' 'CMakeFiles/cmTC_11dcb.dir/'
 /usr/libx32/local/gcc-11.2/bin/../libexec/gcc/x86_64-linux-gnu/11.2.0/cc1plus -quiet -v -imultiarch x86_64-linux-gnu -iprefix /usr/libx32/local/gcc-11.2/bin/../lib/gcc/x86_64-linux-gnu/11.2.0/ -D_GNU_SOURCE /snap/clion/198/bin/cmake/linux/share/cmake-3.22/Modules/CMakeCXXCompilerABI.cpp -quiet -dumpdir CMakeFiles/cmTC_11dcb.dir/ -dumpbase CMakeCXXCompilerABI.cpp.cpp -dumpbase-ext .cpp -mtune=generic -march=x86-64 -version -o /tmp/ccfPQ5Ju.s
GNU C++17 (GCC) version 11.2.0 (x86_64-linux-gnu)
	compiled by GNU C version 11.2.0, GMP version 6.1.0, MPFR version 3.1.6, MPC version 1.0.3, isl version isl-0.18-GMP

GGC heuristics: --param ggc-min-expand=100 --param ggc-min-heapsize=131072
ignoring nonexistent directory "/usr/libx32/local/gcc-11.2/bin/../lib/gcc/x86_64-linux-gnu/11.2.0/../../../../x86_64-linux-gnu/include"
ignoring duplicate directory "/usr/libx32/local/gcc-11.2/bin/../lib/gcc/../../lib/gcc/x86_64-linux-gnu/11.2.0/../../../../include/c++/11.2.0"
ignoring duplicate directory "/usr/libx32/local/gcc-11.2/bin/../lib/gcc/../../lib/gcc/x86_64-linux-gnu/11.2.0/../../../../include/c++/11.2.0/x86_64-linux-gnu"
ignoring duplicate directory "/usr/libx32/local/gcc-11.2/bin/../lib/gcc/../../lib/gcc/x86_64-linux-gnu/11.2.0/../../../../include/c++/11.2.0/backward"
ignoring duplicate directory "/usr/libx32/local/gcc-11.2/bin/../lib/gcc/../../lib/gcc/x86_64-linux-gnu/11.2.0/include"
ignoring nonexistent directory "/usr/local/include/x86_64-linux-gnu"
ignoring nonexistent directory "/usr/local/include"
ignoring duplicate directory "/usr/libx32/local/gcc-11.2/bin/../lib/gcc/../../lib/gcc/x86_64-linux-gnu/11.2.0/include-fixed"
ignoring nonexistent directory "/usr/libx32/local/gcc-11.2/bin/../lib/gcc/../../lib/gcc/x86_64-linux-gnu/11.2.0/../../../../x86_64-linux-gnu/include"
#include "..." search starts here:
#include <...> search starts here:
 /usr/libx32/local/gcc-11.2/bin/../lib/gcc/x86_64-linux-gnu/11.2.0/../../../../include/c++/11.2.0
 /usr/libx32/local/gcc-11.2/bin/../lib/gcc/x86_64-linux-gnu/11.2.0/../../../../include/c++/11.2.0/x86_64-linux-gnu
 /usr/libx32/local/gcc-11.2/bin/../lib/gcc/x86_64-linux-gnu/11.2.0/../../../../include/c++/11.2.0/backward
 /usr/libx32/local/gcc-11.2/bin/../lib/gcc/x86_64-linux-gnu/11.2.0/include
 /usr/libx32/local/gcc-11.2/bin/../lib/gcc/x86_64-linux-gnu/11.2.0/include-fixed
 /usr/libx32/local/gcc-11.2/bin/../lib/gcc/../../include
 /usr/include/x86_64-linux-gnu
 /usr/include
End of search list.
GNU C++17 (GCC) version 11.2.0 (x86_64-linux-gnu)
	compiled by GNU C version 11.2.0, GMP version 6.1.0, MPFR version 3.1.6, MPC version 1.0.3, isl version isl-0.18-GMP

GGC heuristics: --param ggc-min-expand=100 --param ggc-min-heapsize=131072
Compiler executable checksum: 87b6c8b9356f71b6c8fac955937e6e03
COLLECT_GCC_OPTIONS='-v' '-o' 'CMakeFiles/cmTC_11dcb.dir/CMakeCXXCompilerABI.cpp.o' '-c' '-shared-libgcc' '-mtune=generic' '-march=x86-64' '-dumpdir' 'CMakeFiles/cmTC_11dcb.dir/'
 as -v --64 -o CMakeFiles/cmTC_11dcb.dir/CMakeCXXCompilerABI.cpp.o /tmp/ccfPQ5Ju.s
GNU assembler version 2.34 (x86_64-linux-gnu) using BFD version (GNU Binutils for Ubuntu) 2.34
COMPILER_PATH=/usr/libx32/local/gcc-11.2/bin/../libexec/gcc/x86_64-linux-gnu/11.2.0/:/usr/libx32/local/gcc-11.2/bin/../libexec/gcc/x86_64-linux-gnu/:/usr/libx32/local/gcc-11.2/bin/../libexec/gcc/
LIBRARY_PATH=/usr/libx32/local/gcc-11.2/bin/../lib/gcc/x86_64-linux-gnu/11.2.0/:/usr/libx32/local/gcc-11.2/bin/../lib/gcc/x86_64-linux-gnu/:/usr/libx32/local/gcc-11.2/bin/../lib/gcc/:/usr/libx32/local/gcc-11.2/bin/../lib/gcc/x86_64-linux-gnu/11.2.0/../../../../lib64/:/lib/x86_64-linux-gnu/:/lib/../lib64/:/usr/lib/x86_64-linux-gnu/:/usr/lib/../lib64/:/usr/libx32/local/gcc-11.2/bin/../lib/gcc/x86_64-linux-gnu/11.2.0/../../../:/lib/:/usr/lib/
COLLECT_GCC_OPTIONS='-v' '-o' 'CMakeFiles/cmTC_11dcb.dir/CMakeCXXCompilerABI.cpp.o' '-c' '-shared-libgcc' '-mtune=generic' '-march=x86-64' '-dumpdir' 'CMakeFiles/cmTC_11dcb.dir/CMakeCXXCompilerABI.cpp.'
[2/2] Linking CXX executable cmTC_11dcb
Using built-in specs.
COLLECT_GCC=/usr/libx32/local/gcc-11.2/bin/g++-11.2
COLLECT_LTO_WRAPPER=/usr/libx32/local/gcc-11.2/bin/../libexec/gcc/x86_64-linux-gnu/11.2.0/lto-wrapper
Target: x86_64-linux-gnu
Configured with: ../configure configure -v --build=x86_64-linux-gnu --host=x86_64-linux-gnu --target=x86_64-linux-gnu --prefix=/usr/local/gcc-11.2 --enable-checking=release --enable-languages=c,c++ --disable-multilib --program-suffix=-11.2
Thread model: posix
Supported LTO compression algorithms: zlib
gcc version 11.2.0 (GCC) 
COMPILER_PATH=/usr/libx32/local/gcc-11.2/bin/../libexec/gcc/x86_64-linux-gnu/11.2.0/:/usr/libx32/local/gcc-11.2/bin/../libexec/gcc/x86_64-linux-gnu/:/usr/libx32/local/gcc-11.2/bin/../libexec/gcc/
LIBRARY_PATH=/usr/libx32/local/gcc-11.2/bin/../lib/gcc/x86_64-linux-gnu/11.2.0/:/usr/libx32/local/gcc-11.2/bin/../lib/gcc/x86_64-linux-gnu/:/usr/libx32/local/gcc-11.2/bin/../lib/gcc/:/usr/libx32/local/gcc-11.2/bin/../lib/gcc/x86_64-linux-gnu/11.2.0/../../../../lib64/:/lib/x86_64-linux-gnu/:/lib/../lib64/:/usr/lib/x86_64-linux-gnu/:/usr/lib/../lib64/:/usr/libx32/local/gcc-11.2/bin/../lib/gcc/x86_64-linux-gnu/11.2.0/../../../:/lib/:/usr/lib/
COLLECT_GCC_OPTIONS='-v' '-o' 'cmTC_11dcb' '-shared-libgcc' '-mtune=generic' '-march=x86-64' '-dumpdir' 'cmTC_11dcb.'
 /usr/libx32/local/gcc-11.2/bin/../libexec/gcc/x86_64-linux-gnu/11.2.0/collect2 -plugin /usr/libx32/local/gcc-11.2/bin/../libexec/gcc/x86_64-linux-gnu/11.2.0/liblto_plugin.so -plugin-opt=/usr/libx32/local/gcc-11.2/bin/../libexec/gcc/x86_64-linux-gnu/11.2.0/lto-wrapper -plugin-opt=-fresolution=/tmp/ccI7zL8K.res -plugin-opt=-pass-through=-lgcc_s -plugin-opt=-pass-through=-lgcc -plugin-opt=-pass-through=-lc -plugin-opt=-pass-through=-lgcc_s -plugin-opt=-pass-through=-lgcc --eh-frame-hdr -m elf_x86_64 -dynamic-linker /lib64/ld-linux-x86-64.so.2 -o cmTC_11dcb /lib/x86_64-linux-gnu/crt1.o /lib/x86_64-linux-gnu/crti.o /usr/libx32/local/gcc-11.2/bin/../lib/gcc/x86_64-linux-gnu/11.2.0/crtbegin.o -L/usr/libx32/local/gcc-11.2/bin/../lib/gcc/x86_64-linux-gnu/11.2.0 -L/usr/libx32/local/gcc-11.2/bin/../lib/gcc/x86_64-linux-gnu -L/usr/libx32/local/gcc-11.2/bin/../lib/gcc -L/usr/libx32/local/gcc-11.2/bin/../lib/gcc/x86_64-linux-gnu/11.2.0/../../../../lib64 -L/lib/x86_64-linux-gnu -L/lib/../lib64 -L/usr/lib/x86_64-linux-gnu -L/usr/lib/../lib64 -L/usr/libx32/local/gcc-11.2/bin/../lib/gcc/x86_64-linux-gnu/11.2.0/../../.. CMakeFiles/cmTC_11dcb.dir/CMakeCXXCompilerABI.cpp.o -lstdc++ -lm -lgcc_s -lgcc -lc -lgcc_s -lgcc /usr/libx32/local/gcc-11.2/bin/../lib/gcc/x86_64-linux-gnu/11.2.0/crtend.o /lib/x86_64-linux-gnu/crtn.o
COLLECT_GCC_OPTIONS='-v' '-o' 'cmTC_11dcb' '-shared-libgcc' '-mtune=generic' '-march=x86-64' '-dumpdir' 'cmTC_11dcb.'



Parsed CXX implicit include dir info from above output: rv=done
  found start of include info
  found start of implicit include info
    add: [/usr/libx32/local/gcc-11.2/bin/../lib/gcc/x86_64-linux-gnu/11.2.0/../../../../include/c++/11.2.0]
    add: [/usr/libx32/local/gcc-11.2/bin/../lib/gcc/x86_64-linux-gnu/11.2.0/../../../../include/c++/11.2.0/x86_64-linux-gnu]
    add: [/usr/libx32/local/gcc-11.2/bin/../lib/gcc/x86_64-linux-gnu/11.2.0/../../../../include/c++/11.2.0/backward]
    add: [/usr/libx32/local/gcc-11.2/bin/../lib/gcc/x86_64-linux-gnu/11.2.0/include]
    add: [/usr/libx32/local/gcc-11.2/bin/../lib/gcc/x86_64-linux-gnu/11.2.0/include-fixed]
    add: [/usr/libx32/local/gcc-11.2/bin/../lib/gcc/../../include]
    add: [/usr/include/x86_64-linux-gnu]
    add: [/usr/include]
  end of search list found
  collapse include dir [/usr/libx32/local/gcc-11.2/bin/../lib/gcc/x86_64-linux-gnu/11.2.0/../../../../include/c++/11.2.0] ==> [/usr/libx32/local/gcc-11.2/include/c++/11.2.0]
  collapse include dir [/usr/libx32/local/gcc-11.2/bin/../lib/gcc/x86_64-linux-gnu/11.2.0/../../../../include/c++/11.2.0/x86_64-linux-gnu] ==> [/usr/libx32/local/gcc-11.2/include/c++/11.2.0/x86_64-linux-gnu]
  collapse include dir [/usr/libx32/local/gcc-11.2/bin/../lib/gcc/x86_64-linux-gnu/11.2.0/../../../../include/c++/11.2.0/backward] ==> [/usr/libx32/local/gcc-11.2/include/c++/11.2.0/backward]
  collapse include dir [/usr/libx32/local/gcc-11.2/bin/../lib/gcc/x86_64-linux-gnu/11.2.0/include] ==> [/usr/libx32/local/gcc-11.2/lib/gcc/x86_64-linux-gnu/11.2.0/include]
  collapse include dir [/usr/libx32/local/gcc-11.2/bin/../lib/gcc/x86_64-linux-gnu/11.2.0/include-fixed] ==> [/usr/libx32/local/gcc-11.2/lib/gcc/x86_64-linux-gnu/11.2.0/include-fixed]
  collapse include dir [/usr/libx32/local/gcc-11.2/bin/../lib/gcc/../../include] ==> [/usr/libx32/local/gcc-11.2/include]
  collapse include dir [/usr/include/x86_64-linux-gnu] ==> [/usr/include/x86_64-linux-gnu]
  collapse include dir [/usr/include] ==> [/usr/include]
  implicit include dirs: [/usr/libx32/local/gcc-11.2/include/c++/11.2.0;/usr/libx32/local/gcc-11.2/include/c++/11.2.0/x86_64-linux-gnu;/usr/libx32/local/gcc-11.2/include/c++/11.2.0/backward;/usr/libx32/local/gcc-11.2/lib/gcc/x86_64-linux-gnu/11.2.0/include;/usr/libx32/local/gcc-11.2/lib/gcc/x86_64-linux-gnu/11.2.0/include-fixed;/usr/libx32/local/gcc-11.2/include;/usr/include/x86_64-linux-gnu;/usr/include]


Parsed CXX implicit link information from above output:
  link line regex: [^( *|.*[/\])(ld|CMAKE_LINK_STARTFILE-NOTFOUND|([^/\]+-)?ld|collect2)[^/\]*( |$)]
  ignore line: [Change Dir: /home/eaibot71/Ti/Ti-CV-2022/cmake-build-debug/CMakeFiles/CMakeTmp]
  ignore line: []
  ignore line: [Run Build Command(s):/snap/clion/198/bin/ninja/linux/ninja cmTC_11dcb && [1/2] Building CXX object CMakeFiles/cmTC_11dcb.dir/CMakeCXXCompilerABI.cpp.o]
  ignore line: [Using built-in specs.]
  ignore line: [COLLECT_GCC=/usr/libx32/local/gcc-11.2/bin/g++-11.2]
  ignore line: [Target: x86_64-linux-gnu]
  ignore line: [Configured with: ../configure configure -v --build=x86_64-linux-gnu --host=x86_64-linux-gnu --target=x86_64-linux-gnu --prefix=/usr/local/gcc-11.2 --enable-checking=release --enable-languages=c c++ --disable-multilib --program-suffix=-11.2]
  ignore line: [Thread model: posix]
  ignore line: [Supported LTO compression algorithms: zlib]
  ignore line: [gcc version 11.2.0 (GCC) ]
  ignore line: [COLLECT_GCC_OPTIONS='-v' '-o' 'CMakeFiles/cmTC_11dcb.dir/CMakeCXXCompilerABI.cpp.o' '-c' '-shared-libgcc' '-mtune=generic' '-march=x86-64' '-dumpdir' 'CMakeFiles/cmTC_11dcb.dir/']
  ignore line: [ /usr/libx32/local/gcc-11.2/bin/../libexec/gcc/x86_64-linux-gnu/11.2.0/cc1plus -quiet -v -imultiarch x86_64-linux-gnu -iprefix /usr/libx32/local/gcc-11.2/bin/../lib/gcc/x86_64-linux-gnu/11.2.0/ -D_GNU_SOURCE /snap/clion/198/bin/cmake/linux/share/cmake-3.22/Modules/CMakeCXXCompilerABI.cpp -quiet -dumpdir CMakeFiles/cmTC_11dcb.dir/ -dumpbase CMakeCXXCompilerABI.cpp.cpp -dumpbase-ext .cpp -mtune=generic -march=x86-64 -version -o /tmp/ccfPQ5Ju.s]
  ignore line: [GNU C++17 (GCC) version 11.2.0 (x86_64-linux-gnu)]
  ignore line: [	compiled by GNU C version 11.2.0  GMP version 6.1.0  MPFR version 3.1.6  MPC version 1.0.3  isl version isl-0.18-GMP]
  ignore line: []
  ignore line: [GGC heuristics: --param ggc-min-expand=100 --param ggc-min-heapsize=131072]
  ignore line: [ignoring nonexistent directory "/usr/libx32/local/gcc-11.2/bin/../lib/gcc/x86_64-linux-gnu/11.2.0/../../../../x86_64-linux-gnu/include"]
  ignore line: [ignoring duplicate directory "/usr/libx32/local/gcc-11.2/bin/../lib/gcc/../../lib/gcc/x86_64-linux-gnu/11.2.0/../../../../include/c++/11.2.0"]
  ignore line: [ignoring duplicate directory "/usr/libx32/local/gcc-11.2/bin/../lib/gcc/../../lib/gcc/x86_64-linux-gnu/11.2.0/../../../../include/c++/11.2.0/x86_64-linux-gnu"]
  ignore line: [ignoring duplicate directory "/usr/libx32/local/gcc-11.2/bin/../lib/gcc/../../lib/gcc/x86_64-linux-gnu/11.2.0/../../../../include/c++/11.2.0/backward"]
  ignore line: [ignoring duplicate directory "/usr/libx32/local/gcc-11.2/bin/../lib/gcc/../../lib/gcc/x86_64-linux-gnu/11.2.0/include"]
  ignore line: [ignoring nonexistent directory "/usr/local/include/x86_64-linux-gnu"]
  ignore line: [ignoring nonexistent directory "/usr/local/include"]
  ignore line: [ignoring duplicate directory "/usr/libx32/local/gcc-11.2/bin/../lib/gcc/../../lib/gcc/x86_64-linux-gnu/11.2.0/include-fixed"]
  ignore line: [ignoring nonexistent directory "/usr/libx32/local/gcc-11.2/bin/../lib/gcc/../../lib/gcc/x86_64-linux-gnu/11.2.0/../../../../x86_64-linux-gnu/include"]
  ignore line: [#include "..." search starts here:]
  ignore line: [#include <...> search starts here:]
  ignore line: [ /usr/libx32/local/gcc-11.2/bin/../lib/gcc/x86_64-linux-gnu/11.2.0/../../../../include/c++/11.2.0]
  ignore line: [ /usr/libx32/local/gcc-11.2/bin/../lib/gcc/x86_64-linux-gnu/11.2.0/../../../../include/c++/11.2.0/x86_64-linux-gnu]
  ignore line: [ /usr/libx32/local/gcc-11.2/bin/../lib/gcc/x86_64-linux-gnu/11.2.0/../../../../include/c++/11.2.0/backward]
  ignore line: [ /usr/libx32/local/gcc-11.2/bin/../lib/gcc/x86_64-linux-gnu/11.2.0/include]
  ignore line: [ /usr/libx32/local/gcc-11.2/bin/../lib/gcc/x86_64-linux-gnu/11.2.0/include-fixed]
  ignore line: [ /usr/libx32/local/gcc-11.2/bin/../lib/gcc/../../include]
  ignore line: [ /usr/include/x86_64-linux-gnu]
  ignore line: [ /usr/include]
  ignore line: [End of search list.]
  ignore line: [GNU C++17 (GCC) version 11.2.0 (x86_64-linux-gnu)]
  ignore line: [	compiled by GNU C version 11.2.0  GMP version 6.1.0  MPFR version 3.1.6  MPC version 1.0.3  isl version isl-0.18-GMP]
  ignore line: []
  ignore line: [GGC heuristics: --param ggc-min-expand=100 --param ggc-min-heapsize=131072]
  ignore line: [Compiler executable checksum: 87b6c8b9356f71b6c8fac955937e6e03]
  ignore line: [COLLECT_GCC_OPTIONS='-v' '-o' 'CMakeFiles/cmTC_11dcb.dir/CMakeCXXCompilerABI.cpp.o' '-c' '-shared-libgcc' '-mtune=generic' '-march=x86-64' '-dumpdir' 'CMakeFiles/cmTC_11dcb.dir/']
  ignore line: [ as -v --64 -o CMakeFiles/cmTC_11dcb.dir/CMakeCXXCompilerABI.cpp.o /tmp/ccfPQ5Ju.s]
  ignore line: [GNU assembler version 2.34 (x86_64-linux-gnu) using BFD version (GNU Binutils for Ubuntu) 2.34]
  ignore line: [COMPILER_PATH=/usr/libx32/local/gcc-11.2/bin/../libexec/gcc/x86_64-linux-gnu/11.2.0/:/usr/libx32/local/gcc-11.2/bin/../libexec/gcc/x86_64-linux-gnu/:/usr/libx32/local/gcc-11.2/bin/../libexec/gcc/]
  ignore line: [LIBRARY_PATH=/usr/libx32/local/gcc-11.2/bin/../lib/gcc/x86_64-linux-gnu/11.2.0/:/usr/libx32/local/gcc-11.2/bin/../lib/gcc/x86_64-linux-gnu/:/usr/libx32/local/gcc-11.2/bin/../lib/gcc/:/usr/libx32/local/gcc-11.2/bin/../lib/gcc/x86_64-linux-gnu/11.2.0/../../../../lib64/:/lib/x86_64-linux-gnu/:/lib/../lib64/:/usr/lib/x86_64-linux-gnu/:/usr/lib/../lib64/:/usr/libx32/local/gcc-11.2/bin/../lib/gcc/x86_64-linux-gnu/11.2.0/../../../:/lib/:/usr/lib/]
  ignore line: [COLLECT_GCC_OPTIONS='-v' '-o' 'CMakeFiles/cmTC_11dcb.dir/CMakeCXXCompilerABI.cpp.o' '-c' '-shared-libgcc' '-mtune=generic' '-march=x86-64' '-dumpdir' 'CMakeFiles/cmTC_11dcb.dir/CMakeCXXCompilerABI.cpp.']
  ignore line: [[2/2] Linking CXX executable cmTC_11dcb]
  ignore line: [Using built-in specs.]
  ignore line: [COLLECT_GCC=/usr/libx32/local/gcc-11.2/bin/g++-11.2]
  ignore line: [COLLECT_LTO_WRAPPER=/usr/libx32/local/gcc-11.2/bin/../libexec/gcc/x86_64-linux-gnu/11.2.0/lto-wrapper]
  ignore line: [Target: x86_64-linux-gnu]
  ignore line: [Configured with: ../configure configure -v --build=x86_64-linux-gnu --host=x86_64-linux-gnu --target=x86_64-linux-gnu --prefix=/usr/local/gcc-11.2 --enable-checking=release --enable-languages=c c++ --disable-multilib --program-suffix=-11.2]
  ignore line: [Thread model: posix]
  ignore line: [Supported LTO compression algorithms: zlib]
  ignore line: [gcc version 11.2.0 (GCC) ]
  ignore line: [COMPILER_PATH=/usr/libx32/local/gcc-11.2/bin/../libexec/gcc/x86_64-linux-gnu/11.2.0/:/usr/libx32/local/gcc-11.2/bin/../libexec/gcc/x86_64-linux-gnu/:/usr/libx32/local/gcc-11.2/bin/../libexec/gcc/]
  ignore line: [LIBRARY_PATH=/usr/libx32/local/gcc-11.2/bin/../lib/gcc/x86_64-linux-gnu/11.2.0/:/usr/libx32/local/gcc-11.2/bin/../lib/gcc/x86_64-linux-gnu/:/usr/libx32/local/gcc-11.2/bin/../lib/gcc/:/usr/libx32/local/gcc-11.2/bin/../lib/gcc/x86_64-linux-gnu/11.2.0/../../../../lib64/:/lib/x86_64-linux-gnu/:/lib/../lib64/:/usr/lib/x86_64-linux-gnu/:/usr/lib/../lib64/:/usr/libx32/local/gcc-11.2/bin/../lib/gcc/x86_64-linux-gnu/11.2.0/../../../:/lib/:/usr/lib/]
  ignore line: [COLLECT_GCC_OPTIONS='-v' '-o' 'cmTC_11dcb' '-shared-libgcc' '-mtune=generic' '-march=x86-64' '-dumpdir' 'cmTC_11dcb.']
  link line: [ /usr/libx32/local/gcc-11.2/bin/../libexec/gcc/x86_64-linux-gnu/11.2.0/collect2 -plugin /usr/libx32/local/gcc-11.2/bin/../libexec/gcc/x86_64-linux-gnu/11.2.0/liblto_plugin.so -plugin-opt=/usr/libx32/local/gcc-11.2/bin/../libexec/gcc/x86_64-linux-gnu/11.2.0/lto-wrapper -plugin-opt=-fresolution=/tmp/ccI7zL8K.res -plugin-opt=-pass-through=-lgcc_s -plugin-opt=-pass-through=-lgcc -plugin-opt=-pass-through=-lc -plugin-opt=-pass-through=-lgcc_s -plugin-opt=-pass-through=-lgcc --eh-frame-hdr -m elf_x86_64 -dynamic-linker /lib64/ld-linux-x86-64.so.2 -o cmTC_11dcb /lib/x86_64-linux-gnu/crt1.o /lib/x86_64-linux-gnu/crti.o /usr/libx32/local/gcc-11.2/bin/../lib/gcc/x86_64-linux-gnu/11.2.0/crtbegin.o -L/usr/libx32/local/gcc-11.2/bin/../lib/gcc/x86_64-linux-gnu/11.2.0 -L/usr/libx32/local/gcc-11.2/bin/../lib/gcc/x86_64-linux-gnu -L/usr/libx32/local/gcc-11.2/bin/../lib/gcc -L/usr/libx32/local/gcc-11.2/bin/../lib/gcc/x86_64-linux-gnu/11.2.0/../../../../lib64 -L/lib/x86_64-linux-gnu -L/lib/../lib64 -L/usr/lib/x86_64-linux-gnu -L/usr/lib/../lib64 -L/usr/libx32/local/gcc-11.2/bin/../lib/gcc/x86_64-linux-gnu/11.2.0/../../.. CMakeFiles/cmTC_11dcb.dir/CMakeCXXCompilerABI.cpp.o -lstdc++ -lm -lgcc_s -lgcc -lc -lgcc_s -lgcc /usr/libx32/local/gcc-11.2/bin/../lib/gcc/x86_64-linux-gnu/11.2.0/crtend.o /lib/x86_64-linux-gnu/crtn.o]
    arg [/usr/libx32/local/gcc-11.2/bin/../libexec/gcc/x86_64-linux-gnu/11.2.0/collect2] ==> ignore
    arg [-plugin] ==> ignore
    arg [/usr/libx32/local/gcc-11.2/bin/../libexec/gcc/x86_64-linux-gnu/11.2.0/liblto_plugin.so] ==> ignore
    arg [-plugin-opt=/usr/libx32/local/gcc-11.2/bin/../libexec/gcc/x86_64-linux-gnu/11.2.0/lto-wrapper] ==> ignore
    arg [-plugin-opt=-fresolution=/tmp/ccI7zL8K.res] ==> ignore
    arg [-plugin-opt=-pass-through=-lgcc_s] ==> ignore
    arg [-plugin-opt=-pass-through=-lgcc] ==> ignore
    arg [-plugin-opt=-pass-through=-lc] ==> ignore
    arg [-plugin-opt=-pass-through=-lgcc_s] ==> ignore
    arg [-plugin-opt=-pass-through=-lgcc] ==> ignore
    arg [--eh-frame-hdr] ==> ignore
    arg [-m] ==> ignore
    arg [elf_x86_64] ==> ignore
    arg [-dynamic-linker] ==> ignore
    arg [/lib64/ld-linux-x86-64.so.2] ==> ignore
    arg [-o] ==> ignore
    arg [cmTC_11dcb] ==> ignore
    arg [/lib/x86_64-linux-gnu/crt1.o] ==> obj [/lib/x86_64-linux-gnu/crt1.o]
    arg [/lib/x86_64-linux-gnu/crti.o] ==> obj [/lib/x86_64-linux-gnu/crti.o]
    arg [/usr/libx32/local/gcc-11.2/bin/../lib/gcc/x86_64-linux-gnu/11.2.0/crtbegin.o] ==> obj [/usr/libx32/local/gcc-11.2/bin/../lib/gcc/x86_64-linux-gnu/11.2.0/crtbegin.o]
    arg [-L/usr/libx32/local/gcc-11.2/bin/../lib/gcc/x86_64-linux-gnu/11.2.0] ==> dir [/usr/libx32/local/gcc-11.2/bin/../lib/gcc/x86_64-linux-gnu/11.2.0]
    arg [-L/usr/libx32/local/gcc-11.2/bin/../lib/gcc/x86_64-linux-gnu] ==> dir [/usr/libx32/local/gcc-11.2/bin/../lib/gcc/x86_64-linux-gnu]
    arg [-L/usr/libx32/local/gcc-11.2/bin/../lib/gcc] ==> dir [/usr/libx32/local/gcc-11.2/bin/../lib/gcc]
    arg [-L/usr/libx32/local/gcc-11.2/bin/../lib/gcc/x86_64-linux-gnu/11.2.0/../../../../lib64] ==> dir [/usr/libx32/local/gcc-11.2/bin/../lib/gcc/x86_64-linux-gnu/11.2.0/../../../../lib64]
    arg [-L/lib/x86_64-linux-gnu] ==> dir [/lib/x86_64-linux-gnu]
    arg [-L/lib/../lib64] ==> dir [/lib/../lib64]
    arg [-L/usr/lib/x86_64-linux-gnu] ==> dir [/usr/lib/x86_64-linux-gnu]
    arg [-L/usr/lib/../lib64] ==> dir [/usr/lib/../lib64]
    arg [-L/usr/libx32/local/gcc-11.2/bin/../lib/gcc/x86_64-linux-gnu/11.2.0/../../..] ==> dir [/usr/libx32/local/gcc-11.2/bin/../lib/gcc/x86_64-linux-gnu/11.2.0/../../..]
    arg [CMakeFiles/cmTC_11dcb.dir/CMakeCXXCompilerABI.cpp.o] ==> ignore
    arg [-lstdc++] ==> lib [stdc++]
    arg [-lm] ==> lib [m]
    arg [-lgcc_s] ==> lib [gcc_s]
    arg [-lgcc] ==> lib [gcc]
    arg [-lc] ==> lib [c]
    arg [-lgcc_s] ==> lib [gcc_s]
    arg [-lgcc] ==> lib [gcc]
    arg [/usr/libx32/local/gcc-11.2/bin/../lib/gcc/x86_64-linux-gnu/11.2.0/crtend.o] ==> obj [/usr/libx32/local/gcc-11.2/bin/../lib/gcc/x86_64-linux-gnu/11.2.0/crtend.o]
    arg [/lib/x86_64-linux-gnu/crtn.o] ==> obj [/lib/x86_64-linux-gnu/crtn.o]
  collapse obj [/usr/libx32/local/gcc-11.2/bin/../lib/gcc/x86_64-linux-gnu/11.2.0/crtbegin.o] ==> [/usr/libx32/local/gcc-11.2/lib/gcc/x86_64-linux-gnu/11.2.0/crtbegin.o]
  collapse obj [/usr/libx32/local/gcc-11.2/bin/../lib/gcc/x86_64-linux-gnu/11.2.0/crtend.o] ==> [/usr/libx32/local/gcc-11.2/lib/gcc/x86_64-linux-gnu/11.2.0/crtend.o]
  collapse library dir [/usr/libx32/local/gcc-11.2/bin/../lib/gcc/x86_64-linux-gnu/11.2.0] ==> [/usr/libx32/local/gcc-11.2/lib/gcc/x86_64-linux-gnu/11.2.0]
  collapse library dir [/usr/libx32/local/gcc-11.2/bin/../lib/gcc/x86_64-linux-gnu] ==> [/usr/libx32/local/gcc-11.2/lib/gcc/x86_64-linux-gnu]
  collapse library dir [/usr/libx32/local/gcc-11.2/bin/../lib/gcc] ==> [/usr/libx32/local/gcc-11.2/lib/gcc]
  collapse library dir [/usr/libx32/local/gcc-11.2/bin/../lib/gcc/x86_64-linux-gnu/11.2.0/../../../../lib64] ==> [/usr/libx32/local/gcc-11.2/lib64]
  collapse library dir [/lib/x86_64-linux-gnu] ==> [/lib/x86_64-linux-gnu]
  collapse library dir [/lib/../lib64] ==> [/lib64]
  collapse library dir [/usr/lib/x86_64-linux-gnu] ==> [/usr/lib/x86_64-linux-gnu]
  collapse library dir [/usr/lib/../lib64] ==> [/usr/lib64]
  collapse library dir [/usr/libx32/local/gcc-11.2/bin/../lib/gcc/x86_64-linux-gnu/11.2.0/../../..] ==> [/usr/libx32/local/gcc-11.2/lib]
  implicit libs: [stdc++;m;gcc_s;gcc;c;gcc_s;gcc]
  implicit objs: [/lib/x86_64-linux-gnu/crt1.o;/lib/x86_64-linux-gnu/crti.o;/usr/libx32/local/gcc-11.2/lib/gcc/x86_64-linux-gnu/11.2.0/crtbegin.o;/usr/libx32/local/gcc-11.2/lib/gcc/x86_64-linux-gnu/11.2.0/crtend.o;/lib/x86_64-linux-gnu/crtn.o]
  implicit dirs: [/usr/libx32/local/gcc-11.2/lib/gcc/x86_64-linux-gnu/11.2.0;/usr/libx32/local/gcc-11.2/lib/gcc/x86_64-linux-gnu;/usr/libx32/local/gcc-11.2/lib/gcc;/usr/libx32/local/gcc-11.2/lib64;/lib/x86_64-linux-gnu;/lib64;/usr/lib/x86_64-linux-gnu;/usr/lib64;/usr/libx32/local/gcc-11.2/lib]
  implicit fwks: []


Determining if the include file pthread.h exists passed with the following output:
Change Dir: /home/eaibot71/Ti/Ti-CV-2022/cmake-build-debug/CMakeFiles/CMakeTmp

Run Build Command(s):/snap/clion/198/bin/ninja/linux/ninja cmTC_c8502 && [1/2] Building C object CMakeFiles/cmTC_c8502.dir/CheckIncludeFile.c.o
[2/2] Linking C executable cmTC_c8502



Determining if the function pthread_create exists in the pthread passed with the following output:
Change Dir: /home/eaibot71/Ti/Ti-CV-2022/cmake-build-debug/CMakeFiles/CMakeTmp

Run Build Command(s):/snap/clion/198/bin/ninja/linux/ninja cmTC_f1031 && [1/2] Building C object CMakeFiles/cmTC_f1031.dir/CheckFunctionExists.c.o
[2/2] Linking C executable cmTC_f1031



